#
# There is insufficient memory for the Java Runtime Environment to continue.
# Native memory allocation (mmap) failed to map 132120576 bytes for G1 virtual space
# Possible reasons:
#   The system is out of physical RAM or swap space
#   The process is running with CompressedOops enabled, and the Java Heap may be blocking the growth of the native heap
# Possible solutions:
#   Reduce memory load on the system
#   Increase physical memory or swap space
#   Check if swap backing store is full
#   Decrease Java heap size (-Xmx/-Xms)
#   Decrease number of Java threads
#   Decrease Java thread stack sizes (-Xss)
#   Set larger code cache with -XX:ReservedCodeCacheSize=
#   JVM is running with Unscaled Compressed Oops mode in which the Java heap is
#     placed in the first 4GB address space. The Java Heap base address is the
#     maximum limit for the native heap growth. Please use -XX:HeapBaseMinAddress
#     to set the Java Heap base and to place the Java Heap above 4GB virtual address.
# This output file may be truncated or incomplete.
#
#  Out of Memory Error (os_windows.cpp:3528), pid=3364, tid=11620
#
# JRE version:  (20.0.2+9) (build )
# Java VM: Java HotSpot(TM) 64-Bit Server VM (20.0.2+9-78, mixed mode, sharing, tiered, compressed oops, compressed class ptrs, g1 gc, windows-amd64)
# No core dump will be written. Minidumps are not enabled by default on client versions of Windows
#

---------------  S U M M A R Y ------------

Command Line: -Dfile.encoding=UTF-8 --module-path=F:\IDE\NetBeansProjects\DuAn1\build\classes com.duan1.ui.MainJFrame

Host: Intel(R) Core(TM) i5-10300H CPU @ 2.50GHz, 8 cores, 7G,  Windows 11 , 64 bit Build 26002 (10.0.26002.1000)
Time: Wed Dec  6 20:46:38 2023 SE Asia Standard Time elapsed time: 2.036110 seconds (0d 0h 0m 2s)

---------------  T H R E A D  ---------------

Current thread (0x0000022d11afca20):  JavaThread "Unknown thread" [_thread_in_vm, id=11620, stack(0x000000e9e8c00000,0x000000e9e8d00000)]

Stack: [0x000000e9e8c00000,0x000000e9e8d00000]
Native frames: (J=compiled Java code, j=interpreted, Vv=VM code, C=native code)
V  [jvm.dll+0x6bc25a]
V  [jvm.dll+0x84971a]
V  [jvm.dll+0x84b315]
V  [jvm.dll+0x84ba13]
V  [jvm.dll+0x280e4f]
V  [jvm.dll+0x6b8fe9]
V  [jvm.dll+0x6adbca]
V  [jvm.dll+0x35b165]
V  [jvm.dll+0x363386]
V  [jvm.dll+0x3b400e]
V  [jvm.dll+0x3b4295]
V  [jvm.dll+0x32b86a]
V  [jvm.dll+0x32c68b]
V  [jvm.dll+0x8123df]
V  [jvm.dll+0x3c1261]
V  [jvm.dll+0x7fe103]
V  [jvm.dll+0x44ccaf]
V  [jvm.dll+0x44e621]
C  [jli.dll+0x5287]
C  [ucrtbase.dll+0x6e350]
C  [KERNEL32.DLL+0x11f67]
C  [ntdll.dll+0x54730]


---------------  P R O C E S S  ---------------

Threads class SMR info:
_java_thread_list=0x00007fff0a1eb118, length=0, elements={
}

Java Threads: ( => current thread )

Other Threads:
  0x0000022d11b59b70 WorkerThread "GC Thread#0" [stack: 0x000000e9e8d00000,0x000000e9e8e00000] [id=10816]
  0x0000022d11b6b3f0 ConcurrentGCThread "G1 Main Marker" [stack: 0x000000e9e8e00000,0x000000e9e8f00000] [id=19212]
  0x0000022d11b6c5c0 WorkerThread "G1 Conc#0" [stack: 0x000000e9e8f00000,0x000000e9e9000000] [id=17500]

[error occurred during error reporting (printing all threads), id 0xc0000005, EXCEPTION_ACCESS_VIOLATION (0xc0000005) at pc=0x00007fff099ceea7]
VM state: not at safepoint (not fully initialized)

VM Mutex/Monitor currently owned by a thread:  ([mutex/lock_event])
[0x0000022d1017b030] Heap_lock - owner thread: 0x0000022d11afca20

Heap address: 0x0000000082800000, size: 2008 MB, Compressed Oops mode: 32-bit

CDS archive(s) mapped at: [0x0000000000000000-0x0000000000000000-0x0000000000000000), size 0, SharedBaseAddress: 0x0000000800000000, ArchiveRelocationMode: 1.
Narrow klass base: 0x0000000000000000, Narrow klass shift: 0, Narrow klass range: 0x0

GC Precious Log:
 CardTable entry size: 512
 Card Set container configuration: InlinePtr #cards 5 size 8 Array Of Cards #cards 12 size 40 Howl #buckets 4 coarsen threshold 1843 Howl Bitmap #cards 512 size 80 coarsen threshold 460 Card regions per heap region 1 cards per card region 2048

Heap:
 garbage-first heap   total 0K, used 0K [0x0000000082800000, 0x0000000100000000)
  region size 1024K, 0 young (0K), 0 survivors (0K)

[error occurred during error reporting (printing heap information), id 0xc0000005, EXCEPTION_ACCESS_VIOLATION (0xc0000005) at pc=0x00007fff09da47b9]
GC Heap History (0 events):
No events

Dll operation events (1 events):
Event: 0.011 Loaded shared library F:\Java\jdk20\bin\java.dll

Deoptimization events (0 events):
No events

Classes loaded (0 events):
No events

Classes unloaded (0 events):
No events

Classes redefined (0 events):
No events

Internal exceptions (0 events):
No events

VM Operations (0 events):
No events

Events (0 events):
No events


Dynamic libraries:
0x00007ff6aa450000 - 0x00007ff6aa460000 	F:\Java\jdk20\bin\java.exe
0x00007fffd06f0000 - 0x00007fffd092a000 	C:\WINDOWS\SYSTEM32\ntdll.dll
0x00007fffcf780000 - 0x00007fffcf849000 	C:\WINDOWS\System32\KERNEL32.DLL
0x00007fffcdc90000 - 0x00007fffcdfeb000 	C:\WINDOWS\System32\KERNELBASE.dll
0x00007fffce0b0000 - 0x00007fffce1ec000 	C:\WINDOWS\System32\ucrtbase.dll
0x00007fffa3740000 - 0x00007fffa3759000 	F:\Java\jdk20\bin\jli.dll
0x00007fffceef0000 - 0x00007fffcefa0000 	C:\WINDOWS\System32\ADVAPI32.dll
0x00007fffd04e0000 - 0x00007fffd0587000 	C:\WINDOWS\System32\msvcrt.dll
0x00007fffb1af0000 - 0x00007fffb1b0b000 	F:\Java\jdk20\bin\VCRUNTIME140.dll
0x00007fffcf6d0000 - 0x00007fffcf773000 	C:\WINDOWS\System32\sechost.dll
0x00007fffce4b0000 - 0x00007fffce5d6000 	C:\WINDOWS\System32\RPCRT4.dll
0x00007fffcfe70000 - 0x00007fffd0030000 	C:\WINDOWS\System32\USER32.dll
0x00007fffcdab0000 - 0x00007fffcdad7000 	C:\WINDOWS\System32\win32u.dll
0x00007fffb4e10000 - 0x00007fffb50a1000 	C:\WINDOWS\WinSxS\amd64_microsoft.windows.common-controls_6595b64144ccf1df_6.0.26002.1000_none_3d326dcb184bf5f7\COMCTL32.dll
0x00007fffd03a0000 - 0x00007fffd03ca000 	C:\WINDOWS\System32\GDI32.dll
0x00007fffcdae0000 - 0x00007fffcdbff000 	C:\WINDOWS\System32\gdi32full.dll
0x00007fffce400000 - 0x00007fffce4a5000 	C:\WINDOWS\System32\msvcp_win.dll
0x00007fffc55d0000 - 0x00007fffc55db000 	C:\WINDOWS\SYSTEM32\VERSION.dll
0x00007fffcfdb0000 - 0x00007fffcfde1000 	C:\WINDOWS\System32\IMM32.DLL
0x00007fffc92f0000 - 0x00007fffc92fc000 	F:\Java\jdk20\bin\vcruntime140_1.dll
0x00007fff8b7c0000 - 0x00007fff8b84e000 	F:\Java\jdk20\bin\msvcp140.dll
0x00007fff09690000 - 0x00007fff0a328000 	F:\Java\jdk20\bin\server\jvm.dll
0x00007fffc5f90000 - 0x00007fffc5fc5000 	C:\WINDOWS\SYSTEM32\WINMM.dll
0x00007fff70d70000 - 0x00007fff70d7a000 	C:\WINDOWS\SYSTEM32\WSOCK32.dll
0x00007fffd0270000 - 0x00007fffd02e4000 	C:\WINDOWS\System32\WS2_32.dll
0x00007fffcc980000 - 0x00007fffcc999000 	C:\WINDOWS\SYSTEM32\kernel.appcore.dll
0x00007fffb93c0000 - 0x00007fffb93ca000 	F:\Java\jdk20\bin\jimage.dll
0x00007fffcb650000 - 0x00007fffcb886000 	C:\WINDOWS\SYSTEM32\DBGHELP.DLL
0x00007fffcf350000 - 0x00007fffcf6c0000 	C:\WINDOWS\System32\combase.dll
0x00007fffcfcd0000 - 0x00007fffcfda6000 	C:\WINDOWS\System32\OLEAUT32.dll
0x00007fff94180000 - 0x00007fff941b9000 	C:\WINDOWS\SYSTEM32\dbgcore.DLL
0x00007fffce370000 - 0x00007fffce3f0000 	C:\WINDOWS\System32\bcryptPrimitives.dll
0x00007fff94d60000 - 0x00007fff94d86000 	F:\Java\jdk20\bin\java.dll

dbghelp: loaded successfully - version: 4.0.5 - missing functions: none
symbol engine: initialized successfully - sym options: 0x614 - pdb path: .;F:\Java\jdk20\bin;C:\WINDOWS\SYSTEM32;C:\WINDOWS\WinSxS\amd64_microsoft.windows.common-controls_6595b64144ccf1df_6.0.26002.1000_none_3d326dcb184bf5f7;F:\Java\jdk20\bin\server

VM Arguments:
jvm_args: -Dfile.encoding=UTF-8 --module-path=F:\IDE\NetBeansProjects\DuAn1\build\classes 
java_command: com.duan1.ui.MainJFrame
java_class_path (initial): C:\Program Files\NetBeans-19\netbeans\java\modules\ext\AbsoluteLayout.jar;F:\DownLoad\Lib\Webcam.jar;F:\DownLoad\Lib\bridj-0.7.0.jar;F:\DownLoad\Lib\core-3.3.0.jar;F:\DownLoad\Lib\javase-3.3.0.jar;F:\DownLoad\Lib\slf4j-api-1.7.2.jar;F:\DownLoad\Lib\sqljdbc_8.2.2.0_enu\sqljdbc_8.2\enu\mssql-jdbc-8.2.2.jre11.jar;F:\DownLoad\Lib\jcalendar-1.4.jar\jcalendar-1.4.jar;F:\DownLoad\Lib\library\library\datechooser-swing-1.4.1.jar;F:\DownLoad\Lib\library\library\flatlaf-3.1.1.jar;F:\DownLoad\Lib\library\library\flatlaf-extras-3.1.1.jar;F:\DownLoad\Lib\library\library\svgSalamander-1.1.4.jar;F:\DownLoad\Lib\jfreechart-1.0.1\jfreechart-1.0.1\lib\jcommon-1.0.0.jar;F:\DownLoad\Lib\jfreechart-1.0.1\jfreechart-1.0.1\lib\jfreechart-1.0.1.jar;F:\DownLoad\Lib\jar_files\itextpdf-5.5.9.jar;F:\IDE\NetBeansProjects\DuAn1\build\classes
Launcher Type: SUN_STANDARD

[Global flags]
     intx CICompilerCount                          = 4                                         {product} {ergonomic}
     uint ConcGCThreads                            = 2                                         {product} {ergonomic}
     uint G1ConcRefinementThreads                  = 8                                         {product} {ergonomic}
   size_t G1HeapRegionSize                         = 1048576                                   {product} {ergonomic}
    uintx GCDrainStackTargetSize                   = 64                                        {product} {ergonomic}
   size_t InitialHeapSize                          = 132120576                                 {product} {ergonomic}
   size_t MarkStackSize                            = 4194304                                   {product} {ergonomic}
   size_t MaxHeapSize                              = 2105540608                                {product} {ergonomic}
   size_t MinHeapDeltaBytes                        = 1048576                                   {product} {ergonomic}
   size_t MinHeapSize                              = 8388608                                   {product} {ergonomic}
    uintx NonNMethodCodeHeapSize                   = 5839372                                {pd product} {ergonomic}
    uintx NonProfiledCodeHeapSize                  = 122909434                              {pd product} {ergonomic}
    uintx ProfiledCodeHeapSize                     = 122909434                              {pd product} {ergonomic}
    uintx ReservedCodeCacheSize                    = 251658240                              {pd product} {ergonomic}
     bool SegmentedCodeCache                       = true                                      {product} {ergonomic}
   size_t SoftMaxHeapSize                          = 2105540608                             {manageable} {ergonomic}
     bool UseCompressedClassPointers               = true                           {product lp64_product} {ergonomic}
     bool UseCompressedOops                        = true                           {product lp64_product} {ergonomic}
     bool UseG1GC                                  = true                                      {product} {ergonomic}
     bool UseLargePagesIndividualAllocation        = false                                  {pd product} {ergonomic}

Logging:
Log output configuration:
 #0: stdout all=warning uptime,level,tags foldmultilines=false
 #1: stderr all=off uptime,level,tags foldmultilines=false

Environment Variables:
PATH=C:\Program Files (x86)\VMware\VMware Workstation\bin\;C:\Program Files\Common Files\Oracle\Java\javapath;C:\Program Files\Microsoft MPI\Bin\;C:\WINDOWS\system32;C:\WINDOWS;C:\WINDOWS\System32\Wbem;C:\WINDOWS\System32\WindowsPowerShell\v1.0\;C:\WINDOWS\System32\OpenSSH\;C:\Program Files (x86)\Microsoft SQL Server\160\Tools\Binn\;C:\Program Files\Microsoft SQL Server\160\Tools\Binn\;C:\Program Files\Microsoft SQL Server\Client SDK\ODBC\170\Tools\Binn\;C:\Program Files\Microsoft SQL Server\160\DTS\Binn\;C:\Program Files\Azure Data Studio\bin;C:\Program Files (x86)\Microsoft SQL Server\160\DTS\Binn\;C:\Users\dung8\AppData\Local\Microsoft\WindowsApps;;C:\Program Files\Azure Data Studio\bin;F:\VScode\Microsoft VS Code\bin
USERNAME=dung8
OS=Windows_NT
PROCESSOR_IDENTIFIER=Intel64 Family 6 Model 165 Stepping 2, GenuineIntel
TMP=C:\Users\dung8\AppData\Local\Temp
TEMP=C:\Users\dung8\AppData\Local\Temp




---------------  S Y S T E M  ---------------

OS:
 Windows 11 , 64 bit Build 26002 (10.0.26002.1000)
OS uptime: 0 days 4:19 hours

CPU: total 8 (initial active 8) (4 cores per cpu, 2 threads per core) family 6 model 165 stepping 2 microcode 0xe0, cx8, cmov, fxsr, ht, mmx, 3dnowpref, sse, sse2, sse3, ssse3, sse4.1, sse4.2, popcnt, lzcnt, tsc, tscinvbit, avx, avx2, aes, erms, clmul, bmi1, bmi2, adx, fma, vzeroupper, clflush, clflushopt, rdtscp, f16c, pku

Memory: 4k page, system-wide physical 8029M (684M free)
TotalPageFile size 12125M (AvailPageFile size 85M)
current process WorkingSet (physical memory assigned to process): 12M, peak: 12M
current process commit charge ("private bytes"): 60M, peak: 186M

vm_info: Java HotSpot(TM) 64-Bit Server VM (20.0.2+9-78) for windows-amd64 JRE (20.0.2+9-78), built on 2023-06-14T10:08:48Z by "mach5one" with MS VC++ 17.1 (VS2022)

END.
