#
# There is insufficient memory for the Java Runtime Environment to continue.
# Native memory allocation (malloc) failed to allocate 32744 bytes for Chunk::new
# Possible reasons:
#   The system is out of physical RAM or swap space
#   The process is running with CompressedOops enabled, and the Java Heap may be blocking the growth of the native heap
# Possible solutions:
#   Reduce memory load on the system
#   Increase physical memory or swap space
#   Check if swap backing store is full
#   Decrease Java heap size (-Xmx/-Xms)
#   Decrease number of Java threads
#   Decrease Java thread stack sizes (-Xss)
#   Set larger code cache with -XX:ReservedCodeCacheSize=
#   JVM is running with Unscaled Compressed Oops mode in which the Java heap is
#     placed in the first 4GB address space. The Java Heap base address is the
#     maximum limit for the native heap growth. Please use -XX:HeapBaseMinAddress
#     to set the Java Heap base and to place the Java Heap above 4GB virtual address.
# This output file may be truncated or incomplete.
#
#  Out of Memory Error (arena.cpp:184), pid=9424, tid=2784
#
# JRE version: Java(TM) SE Runtime Environment (20.0.2+9) (build 20.0.2+9-78)
# Java VM: Java HotSpot(TM) 64-Bit Server VM (20.0.2+9-78, mixed mode, sharing, tiered, compressed oops, compressed class ptrs, g1 gc, windows-amd64)
# No core dump will be written. Minidumps are not enabled by default on client versions of Windows
#

---------------  S U M M A R Y ------------

Command Line: -Dfile.encoding=UTF-8 --module-path=F:\IDE\NetBeansProjects\DuAn1\build\classes com.duan1.ui.test

Host: Intel(R) Core(TM) i5-10300H CPU @ 2.50GHz, 8 cores, 7G,  Windows 11 , 64 bit Build 25997 (10.0.25997.1000)
Time: Mon Nov 27 02:07:33 2023 SE Asia Standard Time elapsed time: 15.842866 seconds (0d 0h 0m 15s)

---------------  T H R E A D  ---------------

Current thread (0x0000028dfdf9c1d0):  JavaThread "C1 CompilerThread0" daemon [_thread_in_native, id=2784, stack(0x000000ceb7200000,0x000000ceb7300000)]


Current CompileTask:
C1:  15842  893       3      
[error occurred during error reporting (printing current compile task), id 0xe0000001, Out of Memory Error (s\open\src\hotspot\share\memory\arena.cpp:184)]
Stack: [0x000000ceb7200000,0x000000ceb7300000]
Native frames: (J=compiled Java code, j=interpreted, Vv=VM code, C=native code)
V  [jvm.dll+0x6bc25a]
V  [jvm.dll+0x84971a]
V  [jvm.dll+0x84b315]
V  [jvm.dll+0x84ba13]
V  [jvm.dll+0x280e4f]
V  [jvm.dll+0xc2ab1]
V  [jvm.dll+0xc2dd5]
V  [jvm.dll+0x7b616c]
V  [jvm.dll+0x7b6259]
V  [jvm.dll+0x66ff49]
V  [jvm.dll+0x25e676]
V  [jvm.dll+0x8495b6]
V  [jvm.dll+0x84b315]
V  [jvm.dll+0x84ba13]
V  [jvm.dll+0x280e4f]
V  [jvm.dll+0xc2ab1]
V  [jvm.dll+0xc2dd5]
V  [jvm.dll+0x19d7b5]
V  [jvm.dll+0x19d77c]
V  [jvm.dll+0x19c184]
V  [jvm.dll+0x19c44a]
V  [jvm.dll+0x19ec3e]
V  [jvm.dll+0x1589f3]
V  [jvm.dll+0x1582e2]
V  [jvm.dll+0x158514]
V  [jvm.dll+0x157956]
V  [jvm.dll+0x15968d]
V  [jvm.dll+0x25a0eb]
V  [jvm.dll+0x2587c0]
V  [jvm.dll+0x3f2dd5]
V  [jvm.dll+0x7f5c76]
V  [jvm.dll+0x6baecb]
C  [ucrtbase.dll+0x6e350]
C  [KERNEL32.DLL+0x11f67]
C  [ntdll.dll+0x54730]


---------------  P R O C E S S  ---------------

Threads class SMR info:
_java_thread_list=0x0000028dfe6bf7d0, length=16, elements={
0x0000028dfdf74970, 0x0000028dfdf76260, 0x0000028dfdf7c010, 0x0000028dfdf7ee60,
0x0000028dfdf82340, 0x0000028dfdf82890, 0x0000028dfdf92830, 0x0000028dfdf9c1d0,
0x0000028dfdf81350, 0x0000028dfdf83880, 0x0000028dfdf80e00, 0x0000028dfdf83330,
0x0000028dfdf808b0, 0x0000028dfdf818a0, 0x0000028dfdf82de0, 0x0000028dfdf81df0
}

Java Threads: ( => current thread )
  0x0000028dfdf74970 JavaThread "Reference Handler" daemon [_thread_blocked, id=2188, stack(0x000000ceb6b00000,0x000000ceb6c00000)]
  0x0000028dfdf76260 JavaThread "Finalizer" daemon [_thread_blocked, id=1312, stack(0x000000ceb6c00000,0x000000ceb6d00000)]
  0x0000028dfdf7c010 JavaThread "Signal Dispatcher" daemon [_thread_blocked, id=8360, stack(0x000000ceb6d00000,0x000000ceb6e00000)]
  0x0000028dfdf7ee60 JavaThread "Attach Listener" daemon [_thread_blocked, id=6556, stack(0x000000ceb6e00000,0x000000ceb6f00000)]
  0x0000028dfdf82340 JavaThread "Service Thread" daemon [_thread_blocked, id=16084, stack(0x000000ceb6f00000,0x000000ceb7000000)]
  0x0000028dfdf82890 JavaThread "Monitor Deflation Thread" daemon [_thread_blocked, id=15912, stack(0x000000ceb7000000,0x000000ceb7100000)]
  0x0000028dfdf92830 JavaThread "C2 CompilerThread0" daemon [_thread_in_native, id=12692, stack(0x000000ceb7100000,0x000000ceb7200000)]
=>0x0000028dfdf9c1d0 JavaThread "C1 CompilerThread0" daemon [_thread_in_native, id=2784, stack(0x000000ceb7200000,0x000000ceb7300000)]
  0x0000028dfdf81350 JavaThread "Common-Cleaner" daemon [_thread_blocked, id=9036, stack(0x000000ceb7300000,0x000000ceb7400000)]
  0x0000028dfdf83880 JavaThread "Notification Thread" daemon [_thread_blocked, id=14044, stack(0x000000ceb7400000,0x000000ceb7500000)]
  0x0000028dfdf80e00 JavaThread "Java2D Disposer" daemon [_thread_blocked, id=7520, stack(0x000000ceb7700000,0x000000ceb7800000)]
  0x0000028dfdf83330 JavaThread "AWT-Shutdown" [_thread_blocked, id=10644, stack(0x000000ceb7800000,0x000000ceb7900000)]
  0x0000028dfdf808b0 JavaThread "AWT-Windows" daemon [_thread_in_native, id=7336, stack(0x000000ceb7900000,0x000000ceb7a00000)]
  0x0000028dfdf818a0 JavaThread "AWT-EventQueue-0" [_thread_blocked, id=4132, stack(0x000000ceb7a00000,0x000000ceb7b00000)]
  0x0000028dfdf82de0 JavaThread "DestroyJavaVM" [_thread_blocked, id=16840, stack(0x000000ceb6400000,0x000000ceb6500000)]
  0x0000028dfdf81df0 JavaThread "Image Fetcher 0" daemon [_thread_in_vm, id=1552, stack(0x000000ceb7600000,0x000000ceb7700000)]

Other Threads:
  0x0000028dfdf56930 VMThread "VM Thread" [stack: 0x000000ceb6a00000,0x000000ceb6b00000] [id=14636]
  0x0000028dfe1dc830 WatcherThread "VM Periodic Task Thread" [stack: 0x000000ceb7500000,0x000000ceb7600000] [id=12648]
  0x0000028de0e39aa0 WorkerThread "GC Thread#0" [stack: 0x000000ceb6500000,0x000000ceb6600000] [id=1796]
  0x0000028de0e4b320 ConcurrentGCThread "G1 Main Marker" [stack: 0x000000ceb6600000,0x000000ceb6700000] [id=14812]
  0x0000028de0e4c4f0 WorkerThread "G1 Conc#0" [stack: 0x000000ceb6700000,0x000000ceb6800000] [id=9568]
  0x0000028de0e9ebf0 ConcurrentGCThread "G1 Refine#0" [stack: 0x000000ceb6800000,0x000000ceb6900000] [id=7128]
  0x0000028dfde12730 ConcurrentGCThread "G1 Service" [stack: 0x000000ceb6900000,0x000000ceb6a00000] [id=8184]

Threads with active compile tasks:
C2 CompilerThread0    18918  903       4       java.lang.StringLatin1::indexOf (36 bytes)
C1 CompilerThread0    18918  893       3       javax.swing.plaf.nimbus.NimbusStyle::validate (1151 bytes)

VM state: not at safepoint (normal execution)

VM Mutex/Monitor currently owned by a thread: None

Heap address: 0x0000000082800000, size: 2008 MB, Compressed Oops mode: 32-bit

CDS archive(s) mapped at: [0x0000028d80000000-0x0000028d80c60000-0x0000028d80c60000), size 12976128, SharedBaseAddress: 0x0000028d80000000, ArchiveRelocationMode: 1.
Compressed class space mapped at: 0x0000028d81000000-0x0000028dc1000000, reserved size: 1073741824
Narrow klass base: 0x0000028d80000000, Narrow klass shift: 0, Narrow klass range: 0x100000000

GC Precious Log:
 CardTable entry size: 512
 Card Set container configuration: InlinePtr #cards 5 size 8 Array Of Cards #cards 12 size 40 Howl #buckets 4 coarsen threshold 1843 Howl Bitmap #cards 512 size 80 coarsen threshold 460 Card regions per heap region 1 cards per card region 2048
 CPUs: 8 total, 8 available
 Memory: 8029M
 Large Page Support: Disabled
 NUMA Support: Disabled
 Compressed Oops: Enabled (32-bit)
 Heap Region Size: 1M
 Heap Min Capacity: 8M
 Heap Initial Capacity: 126M
 Heap Max Capacity: 2008M
 Pre-touch: Disabled
 Parallel Workers: 8
 Concurrent Workers: 2
 Concurrent Refinement Workers: 8
 Periodic GC: Disabled

Heap:
 garbage-first heap   total 129024K, used 11264K [0x0000000082800000, 0x0000000100000000)
  region size 1024K, 10 young (10240K), 0 survivors (0K)
 Metaspace       used 9858K, committed 10112K, reserved 1114112K
  class space    used 1191K, committed 1280K, reserved 1048576K

Heap Regions: E=young(eden), S=young(survivor), O=old, HS=humongous(starts), HC=humongous(continues), CS=collection set, F=free, OA=open archive, CA=closed archive, TAMS=top-at-mark-start, PB=parsable bottom
|   0|0x0000000082800000, 0x0000000082900000, 0x0000000082900000|100%|HS|  |TAMS 0x0000000082800000| PB 0x0000000082800000| Complete 
|   1|0x0000000082900000, 0x0000000082a00000, 0x0000000082a00000|100%|HC|  |TAMS 0x0000000082900000| PB 0x0000000082900000| Complete 
|   2|0x0000000082a00000, 0x0000000082a00000, 0x0000000082b00000|  0%| F|  |TAMS 0x0000000082a00000| PB 0x0000000082a00000| Untracked 
|   3|0x0000000082b00000, 0x0000000082b00000, 0x0000000082c00000|  0%| F|  |TAMS 0x0000000082b00000| PB 0x0000000082b00000| Untracked 
|   4|0x0000000082c00000, 0x0000000082c00000, 0x0000000082d00000|  0%| F|  |TAMS 0x0000000082c00000| PB 0x0000000082c00000| Untracked 
|   5|0x0000000082d00000, 0x0000000082d00000, 0x0000000082e00000|  0%| F|  |TAMS 0x0000000082d00000| PB 0x0000000082d00000| Untracked 
|   6|0x0000000082e00000, 0x0000000082e00000, 0x0000000082f00000|  0%| F|  |TAMS 0x0000000082e00000| PB 0x0000000082e00000| Untracked 
|   7|0x0000000082f00000, 0x0000000082f00000, 0x0000000083000000|  0%| F|  |TAMS 0x0000000082f00000| PB 0x0000000082f00000| Untracked 
|   8|0x0000000083000000, 0x0000000083000000, 0x0000000083100000|  0%| F|  |TAMS 0x0000000083000000| PB 0x0000000083000000| Untracked 
|   9|0x0000000083100000, 0x0000000083100000, 0x0000000083200000|  0%| F|  |TAMS 0x0000000083100000| PB 0x0000000083100000| Untracked 
|  10|0x0000000083200000, 0x0000000083200000, 0x0000000083300000|  0%| F|  |TAMS 0x0000000083200000| PB 0x0000000083200000| Untracked 
|  11|0x0000000083300000, 0x0000000083300000, 0x0000000083400000|  0%| F|  |TAMS 0x0000000083300000| PB 0x0000000083300000| Untracked 
|  12|0x0000000083400000, 0x0000000083400000, 0x0000000083500000|  0%| F|  |TAMS 0x0000000083400000| PB 0x0000000083400000| Untracked 
|  13|0x0000000083500000, 0x0000000083500000, 0x0000000083600000|  0%| F|  |TAMS 0x0000000083500000| PB 0x0000000083500000| Untracked 
|  14|0x0000000083600000, 0x0000000083600000, 0x0000000083700000|  0%| F|  |TAMS 0x0000000083600000| PB 0x0000000083600000| Untracked 
|  15|0x0000000083700000, 0x0000000083700000, 0x0000000083800000|  0%| F|  |TAMS 0x0000000083700000| PB 0x0000000083700000| Untracked 
|  16|0x0000000083800000, 0x0000000083800000, 0x0000000083900000|  0%| F|  |TAMS 0x0000000083800000| PB 0x0000000083800000| Untracked 
|  17|0x0000000083900000, 0x0000000083900000, 0x0000000083a00000|  0%| F|  |TAMS 0x0000000083900000| PB 0x0000000083900000| Untracked 
|  18|0x0000000083a00000, 0x0000000083a00000, 0x0000000083b00000|  0%| F|  |TAMS 0x0000000083a00000| PB 0x0000000083a00000| Untracked 
|  19|0x0000000083b00000, 0x0000000083b00000, 0x0000000083c00000|  0%| F|  |TAMS 0x0000000083b00000| PB 0x0000000083b00000| Untracked 
|  20|0x0000000083c00000, 0x0000000083c00000, 0x0000000083d00000|  0%| F|  |TAMS 0x0000000083c00000| PB 0x0000000083c00000| Untracked 
|  21|0x0000000083d00000, 0x0000000083d00000, 0x0000000083e00000|  0%| F|  |TAMS 0x0000000083d00000| PB 0x0000000083d00000| Untracked 
|  22|0x0000000083e00000, 0x0000000083e00000, 0x0000000083f00000|  0%| F|  |TAMS 0x0000000083e00000| PB 0x0000000083e00000| Untracked 
|  23|0x0000000083f00000, 0x0000000083f00000, 0x0000000084000000|  0%| F|  |TAMS 0x0000000083f00000| PB 0x0000000083f00000| Untracked 
|  24|0x0000000084000000, 0x0000000084000000, 0x0000000084100000|  0%| F|  |TAMS 0x0000000084000000| PB 0x0000000084000000| Untracked 
|  25|0x0000000084100000, 0x0000000084100000, 0x0000000084200000|  0%| F|  |TAMS 0x0000000084100000| PB 0x0000000084100000| Untracked 
|  26|0x0000000084200000, 0x0000000084200000, 0x0000000084300000|  0%| F|  |TAMS 0x0000000084200000| PB 0x0000000084200000| Untracked 
|  27|0x0000000084300000, 0x0000000084300000, 0x0000000084400000|  0%| F|  |TAMS 0x0000000084300000| PB 0x0000000084300000| Untracked 
|  28|0x0000000084400000, 0x0000000084400000, 0x0000000084500000|  0%| F|  |TAMS 0x0000000084400000| PB 0x0000000084400000| Untracked 
|  29|0x0000000084500000, 0x0000000084500000, 0x0000000084600000|  0%| F|  |TAMS 0x0000000084500000| PB 0x0000000084500000| Untracked 
|  30|0x0000000084600000, 0x0000000084600000, 0x0000000084700000|  0%| F|  |TAMS 0x0000000084600000| PB 0x0000000084600000| Untracked 
|  31|0x0000000084700000, 0x0000000084700000, 0x0000000084800000|  0%| F|  |TAMS 0x0000000084700000| PB 0x0000000084700000| Untracked 
|  32|0x0000000084800000, 0x0000000084800000, 0x0000000084900000|  0%| F|  |TAMS 0x0000000084800000| PB 0x0000000084800000| Untracked 
|  33|0x0000000084900000, 0x0000000084900000, 0x0000000084a00000|  0%| F|  |TAMS 0x0000000084900000| PB 0x0000000084900000| Untracked 
|  34|0x0000000084a00000, 0x0000000084a00000, 0x0000000084b00000|  0%| F|  |TAMS 0x0000000084a00000| PB 0x0000000084a00000| Untracked 
|  35|0x0000000084b00000, 0x0000000084b00000, 0x0000000084c00000|  0%| F|  |TAMS 0x0000000084b00000| PB 0x0000000084b00000| Untracked 
|  36|0x0000000084c00000, 0x0000000084c00000, 0x0000000084d00000|  0%| F|  |TAMS 0x0000000084c00000| PB 0x0000000084c00000| Untracked 
|  37|0x0000000084d00000, 0x0000000084d00000, 0x0000000084e00000|  0%| F|  |TAMS 0x0000000084d00000| PB 0x0000000084d00000| Untracked 
|  38|0x0000000084e00000, 0x0000000084e00000, 0x0000000084f00000|  0%| F|  |TAMS 0x0000000084e00000| PB 0x0000000084e00000| Untracked 
|  39|0x0000000084f00000, 0x0000000084f00000, 0x0000000085000000|  0%| F|  |TAMS 0x0000000084f00000| PB 0x0000000084f00000| Untracked 
|  40|0x0000000085000000, 0x0000000085000000, 0x0000000085100000|  0%| F|  |TAMS 0x0000000085000000| PB 0x0000000085000000| Untracked 
|  41|0x0000000085100000, 0x0000000085100000, 0x0000000085200000|  0%| F|  |TAMS 0x0000000085100000| PB 0x0000000085100000| Untracked 
|  42|0x0000000085200000, 0x0000000085200000, 0x0000000085300000|  0%| F|  |TAMS 0x0000000085200000| PB 0x0000000085200000| Untracked 
|  43|0x0000000085300000, 0x0000000085300000, 0x0000000085400000|  0%| F|  |TAMS 0x0000000085300000| PB 0x0000000085300000| Untracked 
|  44|0x0000000085400000, 0x0000000085400000, 0x0000000085500000|  0%| F|  |TAMS 0x0000000085400000| PB 0x0000000085400000| Untracked 
|  45|0x0000000085500000, 0x0000000085500000, 0x0000000085600000|  0%| F|  |TAMS 0x0000000085500000| PB 0x0000000085500000| Untracked 
|  46|0x0000000085600000, 0x0000000085600000, 0x0000000085700000|  0%| F|  |TAMS 0x0000000085600000| PB 0x0000000085600000| Untracked 
|  47|0x0000000085700000, 0x0000000085700000, 0x0000000085800000|  0%| F|  |TAMS 0x0000000085700000| PB 0x0000000085700000| Untracked 
|  48|0x0000000085800000, 0x0000000085800000, 0x0000000085900000|  0%| F|  |TAMS 0x0000000085800000| PB 0x0000000085800000| Untracked 
|  49|0x0000000085900000, 0x0000000085900000, 0x0000000085a00000|  0%| F|  |TAMS 0x0000000085900000| PB 0x0000000085900000| Untracked 
|  50|0x0000000085a00000, 0x0000000085a00000, 0x0000000085b00000|  0%| F|  |TAMS 0x0000000085a00000| PB 0x0000000085a00000| Untracked 
|  51|0x0000000085b00000, 0x0000000085b00000, 0x0000000085c00000|  0%| F|  |TAMS 0x0000000085b00000| PB 0x0000000085b00000| Untracked 
|  52|0x0000000085c00000, 0x0000000085c00000, 0x0000000085d00000|  0%| F|  |TAMS 0x0000000085c00000| PB 0x0000000085c00000| Untracked 
|  53|0x0000000085d00000, 0x0000000085d00000, 0x0000000085e00000|  0%| F|  |TAMS 0x0000000085d00000| PB 0x0000000085d00000| Untracked 
|  54|0x0000000085e00000, 0x0000000085e00000, 0x0000000085f00000|  0%| F|  |TAMS 0x0000000085e00000| PB 0x0000000085e00000| Untracked 
|  55|0x0000000085f00000, 0x0000000085f00000, 0x0000000086000000|  0%| F|  |TAMS 0x0000000085f00000| PB 0x0000000085f00000| Untracked 
|  56|0x0000000086000000, 0x0000000086000000, 0x0000000086100000|  0%| F|  |TAMS 0x0000000086000000| PB 0x0000000086000000| Untracked 
|  57|0x0000000086100000, 0x0000000086100000, 0x0000000086200000|  0%| F|  |TAMS 0x0000000086100000| PB 0x0000000086100000| Untracked 
|  58|0x0000000086200000, 0x0000000086200000, 0x0000000086300000|  0%| F|  |TAMS 0x0000000086200000| PB 0x0000000086200000| Untracked 
|  59|0x0000000086300000, 0x0000000086300000, 0x0000000086400000|  0%| F|  |TAMS 0x0000000086300000| PB 0x0000000086300000| Untracked 
|  60|0x0000000086400000, 0x0000000086400000, 0x0000000086500000|  0%| F|  |TAMS 0x0000000086400000| PB 0x0000000086400000| Untracked 
|  61|0x0000000086500000, 0x0000000086500000, 0x0000000086600000|  0%| F|  |TAMS 0x0000000086500000| PB 0x0000000086500000| Untracked 
|  62|0x0000000086600000, 0x0000000086600000, 0x0000000086700000|  0%| F|  |TAMS 0x0000000086600000| PB 0x0000000086600000| Untracked 
|  63|0x0000000086700000, 0x0000000086700000, 0x0000000086800000|  0%| F|  |TAMS 0x0000000086700000| PB 0x0000000086700000| Untracked 
|  64|0x0000000086800000, 0x0000000086800000, 0x0000000086900000|  0%| F|  |TAMS 0x0000000086800000| PB 0x0000000086800000| Untracked 
|  65|0x0000000086900000, 0x0000000086900000, 0x0000000086a00000|  0%| F|  |TAMS 0x0000000086900000| PB 0x0000000086900000| Untracked 
|  66|0x0000000086a00000, 0x0000000086a00000, 0x0000000086b00000|  0%| F|  |TAMS 0x0000000086a00000| PB 0x0000000086a00000| Untracked 
|  67|0x0000000086b00000, 0x0000000086b00000, 0x0000000086c00000|  0%| F|  |TAMS 0x0000000086b00000| PB 0x0000000086b00000| Untracked 
|  68|0x0000000086c00000, 0x0000000086c00000, 0x0000000086d00000|  0%| F|  |TAMS 0x0000000086c00000| PB 0x0000000086c00000| Untracked 
|  69|0x0000000086d00000, 0x0000000086d00000, 0x0000000086e00000|  0%| F|  |TAMS 0x0000000086d00000| PB 0x0000000086d00000| Untracked 
|  70|0x0000000086e00000, 0x0000000086e00000, 0x0000000086f00000|  0%| F|  |TAMS 0x0000000086e00000| PB 0x0000000086e00000| Untracked 
|  71|0x0000000086f00000, 0x0000000086f00000, 0x0000000087000000|  0%| F|  |TAMS 0x0000000086f00000| PB 0x0000000086f00000| Untracked 
|  72|0x0000000087000000, 0x0000000087000000, 0x0000000087100000|  0%| F|  |TAMS 0x0000000087000000| PB 0x0000000087000000| Untracked 
|  73|0x0000000087100000, 0x0000000087100000, 0x0000000087200000|  0%| F|  |TAMS 0x0000000087100000| PB 0x0000000087100000| Untracked 
|  74|0x0000000087200000, 0x0000000087200000, 0x0000000087300000|  0%| F|  |TAMS 0x0000000087200000| PB 0x0000000087200000| Untracked 
|  75|0x0000000087300000, 0x0000000087300000, 0x0000000087400000|  0%| F|  |TAMS 0x0000000087300000| PB 0x0000000087300000| Untracked 
|  76|0x0000000087400000, 0x0000000087400000, 0x0000000087500000|  0%| F|  |TAMS 0x0000000087400000| PB 0x0000000087400000| Untracked 
|  77|0x0000000087500000, 0x0000000087500000, 0x0000000087600000|  0%| F|  |TAMS 0x0000000087500000| PB 0x0000000087500000| Untracked 
|  78|0x0000000087600000, 0x0000000087600000, 0x0000000087700000|  0%| F|  |TAMS 0x0000000087600000| PB 0x0000000087600000| Untracked 
|  79|0x0000000087700000, 0x0000000087700000, 0x0000000087800000|  0%| F|  |TAMS 0x0000000087700000| PB 0x0000000087700000| Untracked 
|  80|0x0000000087800000, 0x0000000087800000, 0x0000000087900000|  0%| F|  |TAMS 0x0000000087800000| PB 0x0000000087800000| Untracked 
|  81|0x0000000087900000, 0x0000000087900000, 0x0000000087a00000|  0%| F|  |TAMS 0x0000000087900000| PB 0x0000000087900000| Untracked 
|  82|0x0000000087a00000, 0x0000000087a00000, 0x0000000087b00000|  0%| F|  |TAMS 0x0000000087a00000| PB 0x0000000087a00000| Untracked 
|  83|0x0000000087b00000, 0x0000000087b00000, 0x0000000087c00000|  0%| F|  |TAMS 0x0000000087b00000| PB 0x0000000087b00000| Untracked 
|  84|0x0000000087c00000, 0x0000000087c00000, 0x0000000087d00000|  0%| F|  |TAMS 0x0000000087c00000| PB 0x0000000087c00000| Untracked 
|  85|0x0000000087d00000, 0x0000000087d00000, 0x0000000087e00000|  0%| F|  |TAMS 0x0000000087d00000| PB 0x0000000087d00000| Untracked 
|  86|0x0000000087e00000, 0x0000000087e00000, 0x0000000087f00000|  0%| F|  |TAMS 0x0000000087e00000| PB 0x0000000087e00000| Untracked 
|  87|0x0000000087f00000, 0x0000000087f00000, 0x0000000088000000|  0%| F|  |TAMS 0x0000000087f00000| PB 0x0000000087f00000| Untracked 
|  88|0x0000000088000000, 0x0000000088000000, 0x0000000088100000|  0%| F|  |TAMS 0x0000000088000000| PB 0x0000000088000000| Untracked 
|  89|0x0000000088100000, 0x0000000088100000, 0x0000000088200000|  0%| F|  |TAMS 0x0000000088100000| PB 0x0000000088100000| Untracked 
|  90|0x0000000088200000, 0x0000000088200000, 0x0000000088300000|  0%| F|  |TAMS 0x0000000088200000| PB 0x0000000088200000| Untracked 
|  91|0x0000000088300000, 0x0000000088300000, 0x0000000088400000|  0%| F|  |TAMS 0x0000000088300000| PB 0x0000000088300000| Untracked 
|  92|0x0000000088400000, 0x0000000088400000, 0x0000000088500000|  0%| F|  |TAMS 0x0000000088400000| PB 0x0000000088400000| Untracked 
|  93|0x0000000088500000, 0x0000000088500000, 0x0000000088600000|  0%| F|  |TAMS 0x0000000088500000| PB 0x0000000088500000| Untracked 
|  94|0x0000000088600000, 0x0000000088600000, 0x0000000088700000|  0%| F|  |TAMS 0x0000000088600000| PB 0x0000000088600000| Untracked 
|  95|0x0000000088700000, 0x0000000088700000, 0x0000000088800000|  0%| F|  |TAMS 0x0000000088700000| PB 0x0000000088700000| Untracked 
|  96|0x0000000088800000, 0x0000000088800000, 0x0000000088900000|  0%| F|  |TAMS 0x0000000088800000| PB 0x0000000088800000| Untracked 
|  97|0x0000000088900000, 0x0000000088900000, 0x0000000088a00000|  0%| F|  |TAMS 0x0000000088900000| PB 0x0000000088900000| Untracked 
|  98|0x0000000088a00000, 0x0000000088a00000, 0x0000000088b00000|  0%| F|  |TAMS 0x0000000088a00000| PB 0x0000000088a00000| Untracked 
|  99|0x0000000088b00000, 0x0000000088b00000, 0x0000000088c00000|  0%| F|  |TAMS 0x0000000088b00000| PB 0x0000000088b00000| Untracked 
| 100|0x0000000088c00000, 0x0000000088c00000, 0x0000000088d00000|  0%| F|  |TAMS 0x0000000088c00000| PB 0x0000000088c00000| Untracked 
| 101|0x0000000088d00000, 0x0000000088d00000, 0x0000000088e00000|  0%| F|  |TAMS 0x0000000088d00000| PB 0x0000000088d00000| Untracked 
| 102|0x0000000088e00000, 0x0000000088e00000, 0x0000000088f00000|  0%| F|  |TAMS 0x0000000088e00000| PB 0x0000000088e00000| Untracked 
| 103|0x0000000088f00000, 0x0000000088f00000, 0x0000000089000000|  0%| F|  |TAMS 0x0000000088f00000| PB 0x0000000088f00000| Untracked 
| 104|0x0000000089000000, 0x0000000089000000, 0x0000000089100000|  0%| F|  |TAMS 0x0000000089000000| PB 0x0000000089000000| Untracked 
| 105|0x0000000089100000, 0x0000000089100000, 0x0000000089200000|  0%| F|  |TAMS 0x0000000089100000| PB 0x0000000089100000| Untracked 
| 106|0x0000000089200000, 0x0000000089200000, 0x0000000089300000|  0%| F|  |TAMS 0x0000000089200000| PB 0x0000000089200000| Untracked 
| 107|0x0000000089300000, 0x0000000089300000, 0x0000000089400000|  0%| F|  |TAMS 0x0000000089300000| PB 0x0000000089300000| Untracked 
| 108|0x0000000089400000, 0x0000000089400000, 0x0000000089500000|  0%| F|  |TAMS 0x0000000089400000| PB 0x0000000089400000| Untracked 
| 109|0x0000000089500000, 0x0000000089500000, 0x0000000089600000|  0%| F|  |TAMS 0x0000000089500000| PB 0x0000000089500000| Untracked 
| 110|0x0000000089600000, 0x0000000089600000, 0x0000000089700000|  0%| F|  |TAMS 0x0000000089600000| PB 0x0000000089600000| Untracked 
| 111|0x0000000089700000, 0x0000000089700000, 0x0000000089800000|  0%| F|  |TAMS 0x0000000089700000| PB 0x0000000089700000| Untracked 
| 112|0x0000000089800000, 0x0000000089800000, 0x0000000089900000|  0%| F|  |TAMS 0x0000000089800000| PB 0x0000000089800000| Untracked 
| 113|0x0000000089900000, 0x0000000089900000, 0x0000000089a00000|  0%| F|  |TAMS 0x0000000089900000| PB 0x0000000089900000| Untracked 
| 114|0x0000000089a00000, 0x0000000089a00000, 0x0000000089b00000|  0%| F|  |TAMS 0x0000000089a00000| PB 0x0000000089a00000| Untracked 
| 115|0x0000000089b00000, 0x0000000089b00000, 0x0000000089c00000|  0%| F|  |TAMS 0x0000000089b00000| PB 0x0000000089b00000| Untracked 
| 116|0x0000000089c00000, 0x0000000089d00000, 0x0000000089d00000|100%| E|  |TAMS 0x0000000089c00000| PB 0x0000000089c00000| Complete 
| 117|0x0000000089d00000, 0x0000000089e00000, 0x0000000089e00000|100%| E|CS|TAMS 0x0000000089d00000| PB 0x0000000089d00000| Complete 
| 118|0x0000000089e00000, 0x0000000089f00000, 0x0000000089f00000|100%| E|CS|TAMS 0x0000000089e00000| PB 0x0000000089e00000| Complete 
| 119|0x0000000089f00000, 0x000000008a000000, 0x000000008a000000|100%| E|CS|TAMS 0x0000000089f00000| PB 0x0000000089f00000| Complete 
| 120|0x000000008a000000, 0x000000008a100000, 0x000000008a100000|100%| E|CS|TAMS 0x000000008a000000| PB 0x000000008a000000| Complete 
| 121|0x000000008a100000, 0x000000008a200000, 0x000000008a200000|100%| E|CS|TAMS 0x000000008a100000| PB 0x000000008a100000| Complete 
| 122|0x000000008a200000, 0x000000008a300000, 0x000000008a300000|100%| E|CS|TAMS 0x000000008a200000| PB 0x000000008a200000| Complete 
| 123|0x000000008a300000, 0x000000008a400000, 0x000000008a400000|100%| E|CS|TAMS 0x000000008a300000| PB 0x000000008a300000| Complete 
| 124|0x000000008a400000, 0x000000008a500000, 0x000000008a500000|100%| E|CS|TAMS 0x000000008a400000| PB 0x000000008a400000| Complete 
| 125|0x000000008a500000, 0x000000008a600000, 0x000000008a600000|100%| E|CS|TAMS 0x000000008a500000| PB 0x000000008a500000| Complete 

Card table byte_map: [0x0000028df8d70000,0x0000028df9160000] _byte_map_base: 0x0000028df895c000

Marking Bits: (CMBitMap*) 0x0000028de0e3a0d0
 Bits: [0x0000028df9550000, 0x0000028dfb4b0000)

Polling page: 0x0000028de0ea0000

Metaspace:

Usage:
  Non-class:      8.46 MB used.
      Class:      1.16 MB used.
       Both:      9.63 MB used.

Virtual space:
  Non-class space:       64.00 MB reserved,       8.62 MB ( 13%) committed,  1 nodes.
      Class space:        1.00 GB reserved,       1.25 MB ( <1%) committed,  1 nodes.
             Both:        1.06 GB reserved,       9.88 MB ( <1%) committed. 

Chunk freelists:
   Non-Class:  2.98 MB
       Class:  2.70 MB
        Both:  5.68 MB

MaxMetaspaceSize: unlimited
CompressedClassSpaceSize: 1.00 GB
Initial GC threshold: 21.00 MB
Current GC threshold: 21.00 MB
CDS: on
MetaspaceReclaimPolicy: balanced
 - commit_granule_bytes: 65536.
 - commit_granule_words: 8192.
 - virtual_space_node_default_size: 8388608.
 - enlarge_chunks_in_place: 1.
 - new_chunks_are_fully_committed: 0.
 - uncommit_free_chunks: 1.
 - use_allocation_guard: 0.


Internal statistics:

num_allocs_failed_limit: 0.
num_arena_births: 158.
num_arena_deaths: 0.
num_vsnodes_births: 2.
num_vsnodes_deaths: 0.
num_space_committed: 158.
num_space_uncommitted: 0.
num_chunks_returned_to_freelist: 0.
num_chunks_taken_from_freelist: 202.
num_chunk_merges: 0.
num_chunk_splits: 121.
num_chunks_enlarged: 54.
num_inconsistent_stats: 0.

CodeHeap 'non-profiled nmethods': size=120000Kb used=270Kb max_used=270Kb free=119730Kb
 bounds [0x0000028df09f0000, 0x0000028df0c60000, 0x0000028df7f20000]
CodeHeap 'profiled nmethods': size=120000Kb used=1294Kb max_used=1294Kb free=118705Kb
 bounds [0x0000028de8f20000, 0x0000028de9190000, 0x0000028df0450000]
CodeHeap 'non-nmethods': size=5760Kb used=1637Kb max_used=1649Kb free=4122Kb
 bounds [0x0000028df0450000, 0x0000028df06c0000, 0x0000028df09f0000]
 total_blobs=1533 nmethods=892 adapters=552
 compilation: enabled
              stopped_count=0, restarted_count=0
 full_count=0

Compilation events (20 events):
Event: 9.732 Thread 0x0000028dfdf9c1d0  884       1       java.awt.Component::getWidth (5 bytes)
Event: 9.732 Thread 0x0000028dfdf9c1d0 nmethod 884 0x0000028df0a32010 code [0x0000028df0a32180, 0x0000028df0a32248]
Event: 9.734 Thread 0x0000028dfdf9c1d0  885       3       javax.swing.JComponent::setFlag (34 bytes)
Event: 9.734 Thread 0x0000028dfdf9c1d0 nmethod 885 0x0000028de9062390 code [0x0000028de9062520, 0x0000028de90626d8]
Event: 9.735 Thread 0x0000028dfdf9c1d0  886       3       java.awt.geom.Rectangle2D::<init> (5 bytes)
Event: 9.735 Thread 0x0000028dfdf9c1d0 nmethod 886 0x0000028de9062790 code [0x0000028de9062920, 0x0000028de9062ae8]
Event: 9.735 Thread 0x0000028dfdf9c1d0  889       3       javax.swing.plaf.nimbus.NimbusDefaults::getDerivedColor (15 bytes)
Event: 9.735 Thread 0x0000028dfdf9c1d0 nmethod 889 0x0000028de9062c10 code [0x0000028de9062da0, 0x0000028de9062ef8]
Event: 9.735 Thread 0x0000028dfdf9c1d0  887       3       java.util.LinkedList::add (7 bytes)
Event: 9.735 Thread 0x0000028dfdf9c1d0 nmethod 887 0x0000028de9062f90 code [0x0000028de9063120, 0x0000028de9063270]
Event: 9.735 Thread 0x0000028dfdf9c1d0  888       3       java.util.LinkedList::linkLast (59 bytes)
Event: 9.736 Thread 0x0000028dfdf9c1d0 nmethod 888 0x0000028de9063310 code [0x0000028de90634c0, 0x0000028de9063928]
Event: 9.736 Thread 0x0000028dfdf9c1d0  890       1       javax.swing.plaf.nimbus.DerivedColor::getUiDefaultParentName (5 bytes)
Event: 9.736 Thread 0x0000028dfdf9c1d0 nmethod 890 0x0000028df0a32310 code [0x0000028df0a32480, 0x0000028df0a32548]
Event: 9.736 Thread 0x0000028dfdf92830  891       4       sun.awt.AppContext::getAppContext (51 bytes)
Event: 9.736 Thread 0x0000028dfdf92830 nmethod 891 0x0000028df0a32610 code [0x0000028df0a32780, 0x0000028df0a32838]
Event: 9.736 Thread 0x0000028dfdf92830  892   !   4       sun.awt.AppContext::get (123 bytes)
Event: 9.736 Thread 0x0000028dfdf9c1d0  893       3       javax.swing.plaf.nimbus.NimbusStyle::validate (1151 bytes)
Event: 11.777 Thread 0x0000028dfdf92830 nmethod 892 0x0000028df0a32910 code [0x0000028df0a32aa0, 0x0000028df0a33310]
Event: 11.787 Thread 0x0000028dfdf92830  903       4       java.lang.StringLatin1::indexOf (36 bytes)

GC Heap History (0 events):
No events

Dll operation events (9 events):
Event: 0.011 Loaded shared library F:\Java\jdk20\bin\java.dll
Event: 0.031 Loaded shared library F:\Java\jdk20\bin\jsvml.dll
Event: 0.088 Loaded shared library F:\Java\jdk20\bin\net.dll
Event: 0.090 Loaded shared library F:\Java\jdk20\bin\nio.dll
Event: 0.115 Loaded shared library F:\Java\jdk20\bin\zip.dll
Event: 0.142 Loaded shared library F:\Java\jdk20\bin\jimage.dll
Event: 0.164 Loaded shared library F:\Java\jdk20\bin\awt.dll
Event: 0.310 Loaded shared library F:\Java\jdk20\bin\freetype.dll
Event: 0.310 Loaded shared library F:\Java\jdk20\bin\fontmanager.dll

Deoptimization events (20 events):
Event: 3.547 Thread 0x0000028dfdf818a0 Uncommon trap: trap_request=0xffffff45 fr.pc=0x0000028df0a1acc4 relative=0x0000000000000c64
Event: 3.547 Thread 0x0000028dfdf818a0 Uncommon trap: reason=unstable_if action=reinterpret pc=0x0000028df0a1acc4 method=java.util.HashMap.resize()[Ljava/util/HashMap$Node; @ 203 c2
Event: 3.547 Thread 0x0000028dfdf818a0 DEOPT PACKING pc=0x0000028df0a1acc4 sp=0x000000ceb7afd240
Event: 3.547 Thread 0x0000028dfdf818a0 DEOPT UNPACKING pc=0x0000028df04b9d22 sp=0x000000ceb7afd1f0 mode 2
Event: 3.565 Thread 0x0000028dfdf818a0 Uncommon trap: trap_request=0xffffffde fr.pc=0x0000028df0a02338 relative=0x00000000000001b8
Event: 3.565 Thread 0x0000028dfdf818a0 Uncommon trap: reason=class_check action=maybe_recompile pc=0x0000028df0a02338 method=java.lang.String.equals(Ljava/lang/Object;)Z @ 8 c2
Event: 3.565 Thread 0x0000028dfdf818a0 DEOPT PACKING pc=0x0000028df0a02338 sp=0x000000ceb7afd8a0
Event: 3.565 Thread 0x0000028dfdf818a0 DEOPT UNPACKING pc=0x0000028df04b9d22 sp=0x000000ceb7afd838 mode 2
Event: 3.569 Thread 0x0000028dfdf818a0 Uncommon trap: trap_request=0xffffffde fr.pc=0x0000028df0a02338 relative=0x00000000000001b8
Event: 3.569 Thread 0x0000028dfdf818a0 Uncommon trap: reason=class_check action=maybe_recompile pc=0x0000028df0a02338 method=java.lang.String.equals(Ljava/lang/Object;)Z @ 8 c2
Event: 3.569 Thread 0x0000028dfdf818a0 DEOPT PACKING pc=0x0000028df0a02338 sp=0x000000ceb7afda60
Event: 3.569 Thread 0x0000028dfdf818a0 DEOPT UNPACKING pc=0x0000028df04b9d22 sp=0x000000ceb7afd9f8 mode 2
Event: 9.718 Thread 0x0000028dfdf818a0 Uncommon trap: trap_request=0xffffffde fr.pc=0x0000028df0a02338 relative=0x00000000000001b8
Event: 9.718 Thread 0x0000028dfdf818a0 Uncommon trap: reason=class_check action=maybe_recompile pc=0x0000028df0a02338 method=java.lang.String.equals(Ljava/lang/Object;)Z @ 8 c2
Event: 9.718 Thread 0x0000028dfdf818a0 DEOPT PACKING pc=0x0000028df0a02338 sp=0x000000ceb7afc740
Event: 9.718 Thread 0x0000028dfdf818a0 DEOPT UNPACKING pc=0x0000028df04b9d22 sp=0x000000ceb7afc6d8 mode 2
Event: 9.719 Thread 0x0000028dfdf818a0 Uncommon trap: trap_request=0xffffffde fr.pc=0x0000028df0a02338 relative=0x00000000000001b8
Event: 9.719 Thread 0x0000028dfdf818a0 Uncommon trap: reason=class_check action=maybe_recompile pc=0x0000028df0a02338 method=java.lang.String.equals(Ljava/lang/Object;)Z @ 8 c2
Event: 9.719 Thread 0x0000028dfdf818a0 DEOPT PACKING pc=0x0000028df0a02338 sp=0x000000ceb7afc7a0
Event: 9.719 Thread 0x0000028dfdf818a0 DEOPT UNPACKING pc=0x0000028df04b9d22 sp=0x000000ceb7afc738 mode 2

Classes loaded (20 events):
Event: 11.782 Loading class sun/net/www/URLConnection done
Event: 11.782 Loading class sun/net/www/protocol/file/FileURLConnection done
Event: 11.782 Loading class sun/net/www/MessageHeader
Event: 11.783 Loading class sun/net/www/MessageHeader done
Event: 11.783 Loading class java/net/URLConnection$1
Event: 11.784 Loading class java/net/FileNameMap
Event: 11.784 Loading class java/net/FileNameMap done
Event: 11.784 Loading class java/net/URLConnection$1 done
Event: 11.784 Loading class sun/net/www/MimeTable
Event: 11.784 Loading class sun/net/www/MimeTable done
Event: 11.784 Loading class sun/net/www/MimeTable$1
Event: 11.784 Loading class sun/net/www/MimeTable$1 done
Event: 11.784 Loading class sun/net/www/MimeTable$2
Event: 11.784 Loading class sun/net/www/MimeTable$2 done
Event: 11.785 Loading class sun/net/www/MimeTable$DefaultInstanceHolder
Event: 11.785 Loading class sun/net/www/MimeTable$DefaultInstanceHolder done
Event: 11.785 Loading class sun/net/www/MimeTable$DefaultInstanceHolder$1
Event: 11.785 Loading class sun/net/www/MimeTable$DefaultInstanceHolder$1 done
Event: 11.786 Loading class sun/net/www/MimeEntry
Event: 11.787 Loading class sun/net/www/MimeEntry done

Classes unloaded (0 events):
No events

Classes redefined (0 events):
No events

Internal exceptions (20 events):
Event: 0.344 Thread 0x0000028de0ddc860 Exception <a 'java/lang/ClassNotFoundException'{0x000000008a0c7748}: ToolBar> (0x000000008a0c7748) 
thrown [s\open\src\hotspot\share\classfile\systemDictionary.cpp, line 305]
Event: 0.344 Thread 0x0000028de0ddc860 Exception <a 'java/lang/ClassNotFoundException'{0x000000008a0c7ab8}: ToggleButton> (0x000000008a0c7ab8) 
thrown [s\open\src\hotspot\share\classfile\systemDictionary.cpp, line 305]
Event: 0.344 Thread 0x0000028de0ddc860 Exception <a 'java/lang/ClassNotFoundException'{0x000000008a0c7ef8}: javax/swing/JToolBarSeparator> (0x000000008a0c7ef8) 
thrown [s\open\src\hotspot\share\classfile\systemDictionary.cpp, line 305]
Event: 0.344 Thread 0x0000028de0ddc860 Exception <a 'java/lang/ClassNotFoundException'{0x000000008a0c8208}: ToolBarSeparator> (0x000000008a0c8208) 
thrown [s\open\src\hotspot\share\classfile\systemDictionary.cpp, line 305]
Event: 0.344 Thread 0x0000028de0ddc860 Exception <a 'java/lang/ClassNotFoundException'{0x000000008a0c8710}: ToolTip> (0x000000008a0c8710) 
thrown [s\open\src\hotspot\share\classfile\systemDictionary.cpp, line 305]
Event: 0.345 Thread 0x0000028de0ddc860 Exception <a 'java/lang/ClassNotFoundException'{0x000000008a0c9050}: Tree> (0x000000008a0c9050) 
thrown [s\open\src\hotspot\share\classfile\systemDictionary.cpp, line 305]
Event: 0.345 Thread 0x0000028de0ddc860 Exception <a 'java/lang/ClassNotFoundException'{0x000000008a0c9548}: Tree> (0x000000008a0c9548) 
thrown [s\open\src\hotspot\share\classfile\systemDictionary.cpp, line 305]
Event: 0.345 Thread 0x0000028de0ddc860 Exception <a 'java/lang/ClassNotFoundException'{0x000000008a0c98b8}: javax/swing/JTreeCell> (0x000000008a0c98b8) 
thrown [s\open\src\hotspot\share\classfile\systemDictionary.cpp, line 305]
Event: 0.345 Thread 0x0000028de0ddc860 Exception <a 'java/lang/ClassNotFoundException'{0x000000008a0c9bc0}: TreeCell> (0x000000008a0c9bc0) 
thrown [s\open\src\hotspot\share\classfile\systemDictionary.cpp, line 305]
Event: 0.345 Thread 0x0000028de0ddc860 Exception <a 'java/lang/ClassNotFoundException'{0x000000008a0ca368}: RootPane> (0x000000008a0ca368) 
thrown [s\open\src\hotspot\share\classfile\systemDictionary.cpp, line 305]
Event: 0.346 Thread 0x0000028de0ddc860 Exception <a 'java/lang/ClassNotFoundException'{0x000000008a0cd110}: com/sun/swing/internal/plaf/metal/resources/spi/metalProvider> (0x000000008a0cd110) 
thrown [s\open\src\hotspot\share\classfile\systemDictionary.cpp, line 305]
Event: 0.347 Thread 0x0000028de0ddc860 Exception <a 'java/lang/ClassNotFoundException'{0x000000008a0d0dc0}: com/sun/swing/internal/plaf/basic/resources/spi/basicProvider> (0x000000008a0d0dc0) 
thrown [s\open\src\hotspot\share\classfile\systemDictionary.cpp, line 305]
Event: 0.371 Thread 0x0000028dfdf818a0 Exception <a 'java/lang/ClassNotFoundException'{0x0000000089f8a5a0}: com/sun/swing/internal/plaf/synth/resources/spi/synthProvider> (0x0000000089f8a5a0) 
thrown [s\open\src\hotspot\share\classfile\systemDictionary.cpp, line 305]
Event: 1.393 Thread 0x0000028dfdf818a0 Exception <a 'java/lang/NoSuchMethodError'{0x0000000089fcd650}: 'int java.lang.invoke.Invokers$Holder.invokeExact_MT(java.lang.Object, java.lang.Object)'> (0x0000000089fcd650) 
thrown [s\open\src\hotspot\share\interpreter\linkResolver.cpp, line 773]
Event: 1.397 Thread 0x0000028dfdf818a0 Exception <a 'java/lang/NoSuchMethodError'{0x0000000089fd5b70}: 'java.lang.Object java.lang.invoke.DirectMethodHandle$Holder.newInvokeSpecial(java.lang.Object, java.lang.Object, int)'> (0x0000000089fd5b70) 
thrown [s\open\src\hotspot\share\interpreter\linkResolver.cpp, line 773]
Event: 1.398 Thread 0x0000028dfdf818a0 Exception <a 'java/lang/NoSuchMethodError'{0x0000000089fdaa20}: 'int java.lang.invoke.DirectMethodHandle$Holder.invokeSpecial(java.lang.Object, java.lang.Object, java.lang.Object, int)'> (0x0000000089fdaa20) 
thrown [s\open\src\hotspot\share\interpreter\linkResolver.cpp, line 773]
Event: 1.400 Thread 0x0000028dfdf818a0 Exception <a 'java/lang/NoSuchMethodError'{0x0000000089e013a0}: 'java.lang.Object java.lang.invoke.DirectMethodHandle$Holder.invokeStatic(java.lang.Object, java.lang.Object, java.lang.Object, java.lang.Object, int)'> (0x0000000089e013a0) 
thrown [s\open\src\hotspot\share\interpreter\linkResolver.cpp, line 773]
Event: 1.402 Thread 0x0000028dfdf818a0 Exception <a 'java/lang/NoSuchMethodError'{0x0000000089e0caf0}: 'int java.lang.invoke.DirectMethodHandle$Holder.invokeSpecial(java.lang.Object, java.lang.Object, java.lang.Object)'> (0x0000000089e0caf0) 
thrown [s\open\src\hotspot\share\interpreter\linkResolver.cpp, line 773]
Event: 2.474 Thread 0x0000028dfdf808b0 Exception <a 'java/lang/NoSuchMethodError'{0x000000008a10f618}: 'void java.lang.invoke.DirectMethodHandle$Holder.invokeVirtual(java.lang.Object, java.lang.Object)'> (0x000000008a10f618) 
thrown [s\open\src\hotspot\share\interpreter\linkResolver.cpp, line 773]
Event: 3.506 Thread 0x0000028dfdf818a0 Exception <a 'java/lang/NoSuchMethodError'{0x0000000089e8a548}: 'void java.lang.invoke.DirectMethodHandle$Holder.invokeStaticInit(java.lang.Object)'> (0x0000000089e8a548) 
thrown [s\open\src\hotspot\share\interpreter\linkResolver.cpp, line 773]

VM Operations (16 events):
Event: 0.094 Executing VM operation: HandshakeAllThreads
Event: 0.094 Executing VM operation: HandshakeAllThreads done
Event: 0.194 Executing VM operation: HandshakeAllThreads
Event: 0.194 Executing VM operation: HandshakeAllThreads done
Event: 1.205 Executing VM operation: Cleanup
Event: 1.382 Executing VM operation: Cleanup done
Event: 2.383 Executing VM operation: Cleanup
Event: 2.451 Executing VM operation: Cleanup done
Event: 3.480 Executing VM operation: HandshakeAllThreads
Event: 3.480 Executing VM operation: HandshakeAllThreads done
Event: 4.486 Executing VM operation: Cleanup
Event: 4.487 Executing VM operation: Cleanup done
Event: 8.506 Executing VM operation: Cleanup
Event: 8.695 Executing VM operation: Cleanup done
Event: 10.714 Executing VM operation: Cleanup
Event: 10.761 Executing VM operation: Cleanup done

Events (20 events):
Event: 0.031 Thread 0x0000028de0ddc860 Thread added: 0x0000028de0ddc860
Event: 0.046 Thread 0x0000028dfdf74970 Thread added: 0x0000028dfdf74970
Event: 0.046 Thread 0x0000028dfdf76260 Thread added: 0x0000028dfdf76260
Event: 0.046 Thread 0x0000028dfdf7c010 Thread added: 0x0000028dfdf7c010
Event: 0.046 Thread 0x0000028dfdf7ee60 Thread added: 0x0000028dfdf7ee60
Event: 0.046 Thread 0x0000028dfdf82340 Thread added: 0x0000028dfdf82340
Event: 0.046 Thread 0x0000028dfdf82890 Thread added: 0x0000028dfdf82890
Event: 0.046 Thread 0x0000028dfdf92830 Thread added: 0x0000028dfdf92830
Event: 0.046 Thread 0x0000028dfdf9c1d0 Thread added: 0x0000028dfdf9c1d0
Event: 0.074 Thread 0x0000028dfdf81350 Thread added: 0x0000028dfdf81350
Event: 0.110 Thread 0x0000028dfdf83880 Thread added: 0x0000028dfdf83880
Event: 0.122 Thread 0x0000028dfe266990 Thread added: 0x0000028dfe266990
Event: 0.218 Thread 0x0000028dfdf80e00 Thread added: 0x0000028dfdf80e00
Event: 0.219 Thread 0x0000028dfdf83330 Thread added: 0x0000028dfdf83330
Event: 0.221 Thread 0x0000028dfdf808b0 Thread added: 0x0000028dfdf808b0
Event: 0.359 Thread 0x0000028dfdf818a0 Thread added: 0x0000028dfdf818a0
Event: 0.359 Thread 0x0000028de0ddc860 Thread exited: 0x0000028de0ddc860
Event: 0.360 Thread 0x0000028dfdf82de0 Thread added: 0x0000028dfdf82de0
Event: 2.463 Thread 0x0000028dfe266990 Thread exited: 0x0000028dfe266990
Event: 11.780 Thread 0x0000028dfdf81df0 Thread added: 0x0000028dfdf81df0


Dynamic libraries:
0x00007ff731b30000 - 0x00007ff731b40000 	F:\Java\jdk20\bin\java.exe
0x00007ff84ca50000 - 0x00007ff84cc88000 	C:\WINDOWS\SYSTEM32\ntdll.dll
0x00007ff84a8a0000 - 0x00007ff84a969000 	C:\WINDOWS\System32\KERNEL32.DLL
0x00007ff84a200000 - 0x00007ff84a55b000 	C:\WINDOWS\System32\KERNELBASE.dll
0x00007ff849ed0000 - 0x00007ff84a00c000 	C:\WINDOWS\System32\ucrtbase.dll
0x00007ff831630000 - 0x00007ff831649000 	F:\Java\jdk20\bin\jli.dll
0x00007ff836fd0000 - 0x00007ff836feb000 	F:\Java\jdk20\bin\VCRUNTIME140.dll
0x00007ff84a970000 - 0x00007ff84aa20000 	C:\WINDOWS\System32\ADVAPI32.dll
0x00007ff84c4e0000 - 0x00007ff84c587000 	C:\WINDOWS\System32\msvcrt.dll
0x00007ff84c820000 - 0x00007ff84c8c3000 	C:\WINDOWS\System32\sechost.dll
0x00007ff84c8d0000 - 0x00007ff84c9f6000 	C:\WINDOWS\System32\RPCRT4.dll
0x00007ff84aab0000 - 0x00007ff84ac70000 	C:\WINDOWS\System32\USER32.dll
0x00007ff84a010000 - 0x00007ff84a037000 	C:\WINDOWS\System32\win32u.dll
0x00007ff8303d0000 - 0x00007ff830662000 	C:\WINDOWS\WinSxS\amd64_microsoft.windows.common-controls_6595b64144ccf1df_6.0.25997.1000_none_8786e03de04a2fab\COMCTL32.dll
0x00007ff84a810000 - 0x00007ff84a83a000 	C:\WINDOWS\System32\GDI32.dll
0x00007ff84a040000 - 0x00007ff84a15f000 	C:\WINDOWS\System32\gdi32full.dll
0x00007ff84a560000 - 0x00007ff84a605000 	C:\WINDOWS\System32\msvcp_win.dll
0x00007ff8425d0000 - 0x00007ff8425db000 	C:\WINDOWS\SYSTEM32\VERSION.dll
0x00007ff84c390000 - 0x00007ff84c3c1000 	C:\WINDOWS\System32\IMM32.DLL
0x00007ff844cd0000 - 0x00007ff844cdc000 	F:\Java\jdk20\bin\vcruntime140_1.dll
0x00007ff82b020000 - 0x00007ff82b0ae000 	F:\Java\jdk20\bin\msvcp140.dll
0x00007ff800900000 - 0x00007ff801598000 	F:\Java\jdk20\bin\server\jvm.dll
0x00007ff841f80000 - 0x00007ff841fb5000 	C:\WINDOWS\SYSTEM32\WINMM.dll
0x00007ff843a40000 - 0x00007ff843a4a000 	C:\WINDOWS\SYSTEM32\WSOCK32.dll
0x00007ff84ac80000 - 0x00007ff84acf4000 	C:\WINDOWS\System32\WS2_32.dll
0x00007ff848ce0000 - 0x00007ff848cf9000 	C:\WINDOWS\SYSTEM32\kernel.appcore.dll
0x00007ff844cb0000 - 0x00007ff844cba000 	F:\Java\jdk20\bin\jimage.dll
0x00007ff8477c0000 - 0x00007ff8479f6000 	C:\WINDOWS\SYSTEM32\DBGHELP.DLL
0x00007ff84c010000 - 0x00007ff84c384000 	C:\WINDOWS\System32\combase.dll
0x00007ff84bb80000 - 0x00007ff84bc56000 	C:\WINDOWS\System32\OLEAUT32.dll
0x00007ff8106e0000 - 0x00007ff810719000 	C:\WINDOWS\SYSTEM32\dbgcore.DLL
0x00007ff84a170000 - 0x00007ff84a1f0000 	C:\WINDOWS\System32\bcryptPrimitives.dll
0x00007ff82c890000 - 0x00007ff82c8b6000 	F:\Java\jdk20\bin\java.dll
0x00007ff82c7b0000 - 0x00007ff82c887000 	F:\Java\jdk20\bin\jsvml.dll
0x00007ff84b180000 - 0x00007ff84b94c000 	C:\WINDOWS\System32\SHELL32.dll
0x00007ff847c50000 - 0x00007ff8484b5000 	C:\WINDOWS\SYSTEM32\windows.storage.dll
0x00007ff84bd50000 - 0x00007ff84be27000 	C:\WINDOWS\System32\SHCORE.dll
0x00007ff84a840000 - 0x00007ff84a89d000 	C:\WINDOWS\System32\shlwapi.dll
0x00007ff849d30000 - 0x00007ff849d54000 	C:\WINDOWS\SYSTEM32\profapi.dll
0x00007ff836ee0000 - 0x00007ff836ef3000 	F:\Java\jdk20\bin\net.dll
0x00007ff842420000 - 0x00007ff84253d000 	C:\WINDOWS\SYSTEM32\WINHTTP.dll
0x00007ff849170000 - 0x00007ff8491d9000 	C:\WINDOWS\system32\mswsock.dll
0x00007ff82cfb0000 - 0x00007ff82cfc6000 	F:\Java\jdk20\bin\nio.dll
0x00007ff82c790000 - 0x00007ff82c7a8000 	F:\Java\jdk20\bin\zip.dll
0x00007ff826d20000 - 0x00007ff826eb1000 	F:\Java\jdk20\bin\awt.dll
0x00007ff846cc0000 - 0x00007ff846d60000 	C:\WINDOWS\SYSTEM32\apphelp.dll
0x00007ff846ef0000 - 0x00007ff846f98000 	C:\WINDOWS\system32\uxtheme.dll
0x00007ff84c650000 - 0x00007ff84c79e000 	C:\WINDOWS\System32\MSCTF.dll
0x00007ff84b9e0000 - 0x00007ff84bb74000 	C:\WINDOWS\System32\ole32.dll
0x00007ff847160000 - 0x00007ff84718b000 	C:\WINDOWS\system32\DWMAPI.DLL
0x00007ff829480000 - 0x00007ff829506000 	F:\Java\jdk20\bin\freetype.dll
0x00007ff829340000 - 0x00007ff829413000 	F:\Java\jdk20\bin\fontmanager.dll
0x00007ff840bd0000 - 0x00007ff840ccf000 	C:\WINDOWS\system32\opengl32.dll
0x00007ff83fa10000 - 0x00007ff83fa3d000 	C:\WINDOWS\SYSTEM32\GLU32.dll
0x00007ff846ff0000 - 0x00007ff84702d000 	C:\WINDOWS\SYSTEM32\dxcore.dll
0x00007ff837240000 - 0x00007ff837397000 	C:\WINDOWS\SYSTEM32\textinputframework.dll

dbghelp: loaded successfully - version: 4.0.5 - missing functions: none
symbol engine: initialized successfully - sym options: 0x614 - pdb path: .;F:\Java\jdk20\bin;C:\WINDOWS\SYSTEM32;C:\WINDOWS\WinSxS\amd64_microsoft.windows.common-controls_6595b64144ccf1df_6.0.25997.1000_none_8786e03de04a2fab;F:\Java\jdk20\bin\server

VM Arguments:
jvm_args: -Dfile.encoding=UTF-8 --module-path=F:\IDE\NetBeansProjects\DuAn1\build\classes 
java_command: com.duan1.ui.test
java_class_path (initial): C:\Program Files\NetBeans-15\netbeans\java\modules\ext\AbsoluteLayout.jar;F:\DownLoad\Lib\Webcam.jar;F:\DownLoad\Lib\bridj-0.7.0.jar;F:\DownLoad\Lib\core-3.3.0.jar;F:\DownLoad\Lib\javase-3.3.0.jar;F:\DownLoad\Lib\slf4j-api-1.7.2.jar;F:\DownLoad\Lib\sqljdbc_8.2.2.0_enu\sqljdbc_8.2\enu\mssql-jdbc-8.2.2.jre11.jar;F:\DownLoad\Lib\jcalendar-1.4.jar\jcalendar-1.4.jar;F:\IDE\NetBeansProjects\DuAn1\build\classes
Launcher Type: SUN_STANDARD

[Global flags]
     intx CICompilerCount                          = 4                                         {product} {ergonomic}
     uint ConcGCThreads                            = 2                                         {product} {ergonomic}
     uint G1ConcRefinementThreads                  = 8                                         {product} {ergonomic}
   size_t G1HeapRegionSize                         = 1048576                                   {product} {ergonomic}
    uintx GCDrainStackTargetSize                   = 64                                        {product} {ergonomic}
   size_t InitialHeapSize                          = 132120576                                 {product} {ergonomic}
   size_t MarkStackSize                            = 4194304                                   {product} {ergonomic}
   size_t MaxHeapSize                              = 2105540608                                {product} {ergonomic}
   size_t MaxNewSize                               = 1262485504                                {product} {ergonomic}
   size_t MinHeapDeltaBytes                        = 1048576                                   {product} {ergonomic}
   size_t MinHeapSize                              = 8388608                                   {product} {ergonomic}
    uintx NonNMethodCodeHeapSize                   = 5839372                                {pd product} {ergonomic}
    uintx NonProfiledCodeHeapSize                  = 122909434                              {pd product} {ergonomic}
    uintx ProfiledCodeHeapSize                     = 122909434                              {pd product} {ergonomic}
    uintx ReservedCodeCacheSize                    = 251658240                              {pd product} {ergonomic}
     bool SegmentedCodeCache                       = true                                      {product} {ergonomic}
   size_t SoftMaxHeapSize                          = 2105540608                             {manageable} {ergonomic}
     bool UseCompressedClassPointers               = true                           {product lp64_product} {ergonomic}
     bool UseCompressedOops                        = true                           {product lp64_product} {ergonomic}
     bool UseG1GC                                  = true                                      {product} {ergonomic}
     bool UseLargePagesIndividualAllocation        = false                                  {pd product} {ergonomic}

Logging:
Log output configuration:
 #0: stdout all=warning uptime,level,tags foldmultilines=false
 #1: stderr all=off uptime,level,tags foldmultilines=false

Environment Variables:
PATH=C:\Program Files (x86)\VMware\VMware Workstation\bin\;C:\Program Files\Common Files\Oracle\Java\javapath;C:\Program Files\Microsoft MPI\Bin\;C:\WINDOWS\system32;C:\WINDOWS;C:\WINDOWS\System32\Wbem;C:\WINDOWS\System32\WindowsPowerShell\v1.0\;C:\WINDOWS\System32\OpenSSH\;C:\Program Files (x86)\Microsoft SQL Server\160\Tools\Binn\;C:\Program Files\Microsoft SQL Server\160\Tools\Binn\;C:\Program Files\Microsoft SQL Server\Client SDK\ODBC\170\Tools\Binn\;C:\Program Files\Microsoft SQL Server\160\DTS\Binn\;C:\Program Files\Azure Data Studio\bin;C:\Program Files (x86)\Microsoft SQL Server\160\DTS\Binn\;C:\Users\dung8\AppData\Local\Microsoft\WindowsApps;;C:\Program Files\Azure Data Studio\bin;F:\VScode\Microsoft VS Code\bin
USERNAME=dung8
OS=Windows_NT
PROCESSOR_IDENTIFIER=Intel64 Family 6 Model 165 Stepping 2, GenuineIntel
TMP=C:\Users\dung8\AppData\Local\Temp
TEMP=C:\Users\dung8\AppData\Local\Temp




---------------  S Y S T E M  ---------------

OS:
 Windows 11 , 64 bit Build 25997 (10.0.25997.1000)
OS uptime: 0 days 2:37 hours

CPU: total 8 (initial active 8) (4 cores per cpu, 2 threads per core) family 6 model 165 stepping 2 microcode 0xe0, cx8, cmov, fxsr, ht, mmx, 3dnowpref, sse, sse2, sse3, ssse3, sse4.1, sse4.2, popcnt, lzcnt, tsc, tscinvbit, avx, avx2, aes, erms, clmul, bmi1, bmi2, adx, fma, vzeroupper, clflush, clflushopt, rdtscp, f16c, pku

Memory: 4k page, system-wide physical 8029M (1121M free)
TotalPageFile size 12125M (AvailPageFile size 0M)
current process WorkingSet (physical memory assigned to process): 70M, peak: 70M
current process commit charge ("private bytes"): 225M, peak: 225M

vm_info: Java HotSpot(TM) 64-Bit Server VM (20.0.2+9-78) for windows-amd64 JRE (20.0.2+9-78), built on 2023-06-14T10:08:48Z by "mach5one" with MS VC++ 17.1 (VS2022)

END.
